<?xml version="1.0" encoding="utf-8"?><testsuites><testsuite name="pytest" errors="0" failures="0" skipped="0" tests="3" time="0.143" timestamp="2022-10-19T20:00:32.959792" hostname="msis.cdc.com"><testcase classname="step_defs.test_apitest" name="test_test_home_page_get_request_of_api_service" time="0.009" /><testcase classname="step_defs.test_consentapitest" name="test_test_consent_bb_api_post_request_service" time="0.007" /><testcase classname="step_defs.test_registerusertest" name="test_test_registration_api_post_request_service" time="0.007" /></testsuite></testsuites>